<?xml version="1.0" encoding="UTF-8"?>
<!-- Generated by org.testng.reporters.JUnitXMLReporter -->
<testsuite ignored="0" hostname="LAPTOP-389FLDCD" failures="0" tests="11" name="Test" time="31.302" errors="0" timestamp="2024-07-29T22:05:39 EDT">
  <testcase classname="regchurch.registerchurch.AlertTesting" name="alertyes" time="7.603"/>
  <testcase classname="regchurch.registerchurch.AlertTesting" name="alertno" time="1.541"/>
  <testcase classname="regchurch.registerchurch.RegisterVbs" name="title" time="12.166"/>
  <testcase classname="regchurch.registerchurch.RegisterVbs" name="address" time="0.383"/>
  <testcase classname="regchurch.registerchurch.AlertTesting" name="mouseaction" time="7.434"/>
  <testcase classname="regchurch.registerchurch.RegisterVbs" name="flagdownarrow" time="2.621"/>
  <testcase classname="regchurch.registerchurch.RegisterVbs" name="relation" time="3.766"/>
  <testcase classname="regchurch.registerchurch.RegisterVbs" name="birthday" time="3.092"/>
  <testcase classname="regchurch.registerchurch.RegisterVbs" name="schoolgrade" time="1.083"/>
  <testcase classname="regchurch.registerchurch.AlertTesting" name="newwindow" time="9.715"/>
  <testcase classname="windowhandles.windows" name="newwindowtesting" time="31.004"/>
</testsuite> <!-- Test -->
