<?xml version="1.0" encoding="UTF-8"?>
<testng-results ignored="0" total="1" passed="1" failed="0" skipped="0">
  <reporter-output>
  </reporter-output>
  <suite started-at="2025-02-18T13:36:16 EST" name="Default suite" finished-at="2025-02-18T13:36:51 EST" duration-ms="35127">
    <groups>
    </groups>
    <test started-at="2025-02-18T13:36:16 EST" name="Default test" finished-at="2025-02-18T13:36:51 EST" duration-ms="35127">
      <class name="regchurch.registerchurch.Google">
        <test-method signature="dropdowns()[pri:0, instance:regchurch.registerchurch.Google@40a4337a]" started-at="2025-02-18T13:36:16 EST" name="dropdowns" finished-at="2025-02-18T13:36:51 EST" duration-ms="34930" status="PASS">
          <reporter-output>
          </reporter-output>
        </test-method> <!-- dropdowns -->
      </class> <!-- regchurch.registerchurch.Google -->
    </test> <!-- Default test -->
  </suite> <!-- Default suite -->
</testng-results>
